0 info it worked if it ends with ok
1 verbose cli [ '/usr/local/bin/node', '/usr/local/bin/npm', 'install' ]
2 info using npm@1.4.28
3 info using node@v0.10.32
4 warn package.json simply-social@1.0.0 No repository field.
5 verbose readDependencies using package.json deps
6 verbose install where, deps [ '/Users/demetriganoff/Documents/projects/simply-social',
6 verbose install   [ 'autoprefixer-core',
6 verbose install     'grunt',
6 verbose install     'grunt-contrib-clean',
6 verbose install     'grunt-contrib-concat',
6 verbose install     'grunt-contrib-connect',
6 verbose install     'grunt-contrib-copy',
6 verbose install     'grunt-contrib-jshint',
6 verbose install     'grunt-contrib-sass',
6 verbose install     'grunt-contrib-uglify',
6 verbose install     'grunt-contrib-watch',
6 verbose install     'grunt-htmlhint',
6 verbose install     'grunt-ng-annotate',
6 verbose install     'grunt-postcss',
6 verbose install     'matchdep',
6 verbose install     'time-grunt' ] ]
7 info preinstall simply-social@1.0.0
8 verbose readDependencies using package.json deps
9 verbose already installed skipping grunt@~0.4.5 /Users/demetriganoff/Documents/projects/simply-social
10 verbose already installed skipping grunt-contrib-clean@~0.5.0 /Users/demetriganoff/Documents/projects/simply-social
11 verbose already installed skipping grunt-contrib-concat@~0.4.0 /Users/demetriganoff/Documents/projects/simply-social
12 verbose already installed skipping grunt-contrib-connect@~0.8.0 /Users/demetriganoff/Documents/projects/simply-social
13 verbose already installed skipping grunt-contrib-copy@~0.5.0 /Users/demetriganoff/Documents/projects/simply-social
14 verbose cache add [ 'grunt-contrib-jshint@~0.10.0', null ]
15 verbose cache add name=undefined spec="grunt-contrib-jshint@~0.10.0" args=["grunt-contrib-jshint@~0.10.0",null]
16 verbose parsed url { protocol: null,
16 verbose parsed url   slashes: null,
16 verbose parsed url   auth: null,
16 verbose parsed url   host: null,
16 verbose parsed url   port: null,
16 verbose parsed url   hostname: null,
16 verbose parsed url   hash: null,
16 verbose parsed url   search: null,
16 verbose parsed url   query: null,
16 verbose parsed url   pathname: 'grunt-contrib-jshint@~0.10.0',
16 verbose parsed url   path: 'grunt-contrib-jshint@~0.10.0',
16 verbose parsed url   href: 'grunt-contrib-jshint@~0.10.0' }
17 verbose already installed skipping grunt-contrib-sass@~0.7.3 /Users/demetriganoff/Documents/projects/simply-social
18 verbose already installed skipping grunt-contrib-uglify@~0.5.0 /Users/demetriganoff/Documents/projects/simply-social
19 verbose cache add name="grunt-contrib-jshint" spec="~0.10.0" args=["grunt-contrib-jshint","~0.10.0"]
20 verbose parsed url { protocol: null,
20 verbose parsed url   slashes: null,
20 verbose parsed url   auth: null,
20 verbose parsed url   host: null,
20 verbose parsed url   port: null,
20 verbose parsed url   hostname: null,
20 verbose parsed url   hash: null,
20 verbose parsed url   search: null,
20 verbose parsed url   query: null,
20 verbose parsed url   pathname: '~0.10.0',
20 verbose parsed url   path: '~0.10.0',
20 verbose parsed url   href: '~0.10.0' }
21 verbose addNamed [ 'grunt-contrib-jshint', '~0.10.0' ]
22 verbose addNamed [ null, '>=0.10.0-0 <0.11.0-0' ]
23 verbose already installed skipping grunt-contrib-watch@~0.6.1 /Users/demetriganoff/Documents/projects/simply-social
24 silly lockFile 956acfd4-grunt-contrib-jshint-0-10-0 grunt-contrib-jshint@~0.10.0
25 verbose lock grunt-contrib-jshint@~0.10.0 /Users/demetriganoff/.npm/956acfd4-grunt-contrib-jshint-0-10-0.lock
26 verbose already installed skipping grunt-htmlhint@~0.4.1 /Users/demetriganoff/Documents/projects/simply-social
27 silly lockFile 956acfd4-grunt-contrib-jshint-0-10-0 grunt-contrib-jshint@~0.10.0
28 error Error: Attempt to unlock grunt-contrib-jshint@~0.10.0, which hasn't been locked
28 error     at unlock (/usr/local/lib/node_modules/npm/lib/utils/locker.js:44:11)
28 error     at cb (/usr/local/lib/node_modules/npm/lib/cache/add-named.js:32:5)
28 error     at /usr/local/lib/node_modules/npm/lib/cache/add-named.js:41:20
28 error     at /usr/local/lib/node_modules/npm/lib/utils/locker.js:30:7
28 error     at cb (/usr/local/lib/node_modules/npm/node_modules/lockfile/lockfile.js:149:38)
28 error     at /usr/local/lib/node_modules/npm/node_modules/lockfile/lockfile.js:177:38
28 error     at Object.oncomplete (fs.js:107:15)
29 error If you need help, you may report this *entire* log,
29 error including the npm and node versions, at:
29 error     <http://github.com/npm/npm/issues>
30 error System Darwin 13.4.0
31 error command "/usr/local/bin/node" "/usr/local/bin/npm" "install"
32 error cwd /Users/demetriganoff/Documents/projects/simply-social
33 error node -v v0.10.32
34 error npm -v 1.4.28
35 verbose exit [ 1, true ]
